<?xml version="1.0" encoding="UTF-8"?>
<!-- Generated by org.testng.reporters.JUnitReportReporter -->
<testsuite skipped="0" hostname="hp" name="com.Selenium.testLccrm.TestLeadEntry" tests="2" failures="0" timestamp="9 Jan 2020 09:35:48 GMT" time="166.935" errors="0">
  <testcase name="RegisterData" time="162.392" classname="com.Selenium.testLccrm.TestLeadEntry"/>
  <testcase name="LoginData" time="4.543" classname="com.Selenium.testLccrm.TestLeadEntry"/>
</testsuite> <!-- com.Selenium.testLccrm.TestLeadEntry -->
